<?xml version="1.0" encoding="UTF-8"?>
<!-- Generated by org.testng.reporters.JUnitReportReporter -->
<testsuite hostname="INGUOGLW10OW109" name="com.ogilvy.login.AppTest" tests="1" failures="0" timestamp="7 Mar 2017 06:29:20 GMT" time="9.602" errors="0">
  <testcase name="login" time="9.602" classname="com.ogilvy.login.AppTest"/>
</testsuite> <!-- com.ogilvy.login.AppTest -->
